<?xml version="1.0" encoding="UTF-8"?>
<!-- Generated by org.testng.reporters.JUnitXMLReporter -->
<testsuite hostname="DESKTOP-3SQ122E" ignored="0" name="Test" tests="1" failures="0" timestamp="2020-09-04T15:49:41 IST" time="0.066" errors="0">
  <testcase name="@BeforeClass setup_browser" time="-1.599214781577E9" classname="com.calibit.pages.BaseClass">
    <failure type="org.testng.TestNGException" message="
Can inject only one of &amp;lt;ITestContext, XmlTest&amp;gt; into a @BeforeClass annotated setup_browser.
For more information on native dependency injection please refer to http://testng.org/doc/documentation-main.html#native-dependency-injection">
      <![CDATA[org.testng.TestNGException: 
Can inject only one of <ITestContext, XmlTest> into a @BeforeClass annotated setup_browser.
For more information on native dependency injection please refer to http://testng.org/doc/documentation-main.html#native-dependency-injection
at java.util.ArrayList.forEach(ArrayList.java:1257)
... Removed 22 stack frames]]>
    </failure>
  </testcase> <!-- @BeforeClass setup_browser -->
  <testcase name="@AfterClass teardown" time="-1.599214781617E9" classname="com.calibit.pages.BaseClass">
    <skipped/>
  </testcase> <!-- @AfterClass teardown -->
  <testcase name="login_CaliBitApp" time="0.0" classname="com.calibit.testcases.LoginTestCallibit">
    <skipped/>
  </testcase> <!-- login_CaliBitApp -->
</testsuite> <!-- Test -->
